[35m[Appium][39m Welcome to Appium v2.5.1
[35m[Appium][39m Non-default server args:
[35m[Appium][39m { basePath: [32m'/wd/hub'[39m, loglevel: [32m'info'[39m, port: [33m56314[39m }
[35m[Appium][39m Attempting to load driver uiautomator2...
[35m[Appium][39m Appium REST http interface listener started on http://0.0.0.0:56314/wd/hub
[35m[Appium][39m You can provide the following URLs in your client code to connect to this server:
[35m[Appium][39m 	http://192.168.18.14:56314/wd/hub
[35m[Appium][39m 	http://127.0.0.1:56314/wd/hub (only accessible from the same host)
[35m[Appium][39m Available drivers:
[35m[Appium][39m   - uiautomator2@3.0.1 (automationName 'UiAutomator2')
[35m[Appium][39m No plugins have been installed. Use the "appium plugin" command to install the one(s) you want to use.
[38;5;0m[HTTP][0m [37m-->[39m [37mGET[39m [37m/wd/hub/status[39m
[38;5;0m[HTTP][0m [90m{}[39m
[38;5;0m[HTTP][0m [37m<-- GET /wd/hub/status [39m[32m200[39m [90m4 ms - 110[39m
[38;5;0m[HTTP][0m [90m[39m
[38;5;0m[HTTP][0m [37m-->[39m [37mGET[39m [37m/wd/hub/status[39m
[38;5;0m[HTTP][0m [90m{}[39m
[38;5;0m[HTTP][0m [37m<-- GET /wd/hub/status [39m[32m200[39m [90m1 ms - 110[39m
[38;5;0m[HTTP][0m [90m[39m
[38;5;0m[HTTP][0m [37m-->[39m [37mPOST[39m [37m/wd/hub/session[39m
[38;5;0m[HTTP][0m [90m{"desiredCapabilities":{"appium:systemPort":8203,"appium:udid":"emulator-5554","appium:autoGrantPermissions":true,"appium:newCommandTimeout":1800,"appium:platformName":"ANDROID","appium:appActivity":".Settings","appium:deviceName":"emulator-5554 (AOSP on IA Emulator - Android 9)","platformName":"Android","appium:automationName":"uiautomator2","appium:platformVersion":"9","appium:appPackage":"com.android.settings"},"capabilities":{"firstMatch":[{"appium:appActivity":".Settings","appium:appPackage":"com.android.settings","appium:autoGrantPermissions":true,"appium:automationName":"uiautomator2","appium:deviceName":"emulator-5554 (AOSP on IA Emulator - Android 9)","appium:newCommandTimeout":1800,"appium:platformName":"ANDROID","appium:platformVersion":"9","appium:systemPort":8203,"appium:udid":"emulator-5554","platformName":"android"}]}}[39m
[38;5;32m[BaseDriver][0m Ignoring capability 'appium:platformName=ANDROID' and using capability 'platformName=android'
[38;5;32m[BaseDriver][0m The capabilities ["platformName"] are standard capabilities and do not require "appium:" prefix
[35m[Appium][39m Attempting to find matching driver for automationName 'uiautomator2' and platformName 'android'
[35m[Appium][39m The 'uiautomator2' driver was installed and matched caps.
[35m[Appium][39m Will require it at C:\Users\Rendy\.appium\node_modules\appium-uiautomator2-driver
[38;5;16m[AppiumDriver@c157][0m Appium v2.5.1 creating new AndroidUiautomator2Driver (v3.0.1) session
[38;5;16m[AppiumDriver@c157][0m Checking BaseDriver versions for Appium and AndroidUiautomator2Driver
[38;5;16m[AppiumDriver@c157][0m Appium's BaseDriver version is 9.5.2
[38;5;16m[AppiumDriver@c157][0m AndroidUiautomator2Driver's BaseDriver version is 9.5.2
[38;5;48m[AndroidUiautomator2Driver@b4ea (eff2cec3)][0m Session created with session id: eff2cec3-714e-489f-8678-8d78c4b5cb28
[38;5;64m[ADB][0m Found 1 'build-tools' folders under 'C:\Users\Rendy\.katalon\tools\android_sdk' (newest first):
[38;5;64m[ADB][0m     C:\Users\Rendy\.katalon\tools\android_sdk\build-tools\29.0.3
[38;5;64m[ADB][0m Using 'adb.exe' from 'C:\Users\Rendy\.katalon\tools\android_sdk\platform-tools\adb.exe'
[38;5;48m[AndroidUiautomator2Driver@b4ea (eff2cec3)][0m Retrieving device list
[38;5;48m[AndroidUiautomator2Driver@b4ea (eff2cec3)][0m Using device: emulator-5554
[38;5;64m[ADB][0m Using 'adb.exe' from 'C:\Users\Rendy\.katalon\tools\android_sdk\platform-tools\adb.exe'
[38;5;48m[AndroidUiautomator2Driver@b4ea (eff2cec3)][0m Starting 'com.android.settings' directly on the device
[38;5;64m[ADB][0m Getting device platform version
[38;5;48m[AndroidUiautomator2Driver@b4ea (eff2cec3)][0m Relaxing hidden api policy
[38;5;48m[AndroidUiautomator2Driver@b4ea (eff2cec3)][0m No app sent in, not parsing package/activity
[38;5;64m[ADB][0m Using 'apksigner.jar' from 'C:\Users\Rendy\.katalon\tools\android_sdk\build-tools\29.0.3\lib\apksigner.jar'
[38;5;64m[ADB][0m 'C:\Users\Rendy\.appium\node_modules\appium-uiautomator2-driver\node_modules\appium-uiautomator2-server\apks\appium-uiautomator2-server-debug-androidTest.apk' is signed with the default certificate
[38;5;64m[ADB][0m 'C:\Users\Rendy\.appium\node_modules\appium-uiautomator2-driver\node_modules\appium-uiautomator2-server\apks\appium-uiautomator2-server-v7.0.1.apk' is signed with the default certificate
[38;5;48m[AndroidUiautomator2Driver@b4ea (eff2cec3)][0m Server packages are not going to be (re)installed
[38;5;64m[ADB][0m Adding packages ["io.appium.settings","io.appium.uiautomator2.server","io.appium.uiautomator2.server.test"] to Doze whitelist
[38;5;48m[AndroidUiautomator2Driver@b4ea (eff2cec3)][0m Starting UIAutomator2 server 7.0.1
[38;5;48m[AndroidUiautomator2Driver@b4ea (eff2cec3)][0m Using UIAutomator2 server from 'C:\Users\Rendy\.appium\node_modules\appium-uiautomator2-driver\node_modules\appium-uiautomator2-server\apks\appium-uiautomator2-server-v7.0.1.apk' and test from 'C:\Users\Rendy\.appium\node_modules\appium-uiautomator2-driver\node_modules\appium-uiautomator2-server\apks\appium-uiautomator2-server-debug-androidTest.apk'
[38;5;48m[AndroidUiautomator2Driver@b4ea (eff2cec3)][0m Waiting up to 30000ms for UiAutomator2 to be online...
[38;5;48m[AndroidUiautomator2Driver@b4ea (eff2cec3)][0m socket hang up
[38;5;48m[AndroidUiautomator2Driver@b4ea (eff2cec3)][0m socket hang up
[38;5;48m[AndroidUiautomator2Driver@b4ea (eff2cec3)][0m socket hang up
[38;5;48m[AndroidUiautomator2Driver@b4ea (eff2cec3)][0m Determined the downstream protocol as 'W3C'
[38;5;48m[AndroidUiautomator2Driver@b4ea (eff2cec3)][0m Screen already unlocked, doing nothing
[38;5;48m[AndroidUiautomator2Driver@b4ea (eff2cec3)][0m Starting 'com.android.settings/.Settings and waiting for 'com.android.settings/.Settings'
[38;5;16m[AppiumDriver@c157][0m New AndroidUiautomator2Driver session created successfully, session eff2cec3-714e-489f-8678-8d78c4b5cb28 added to master session list
[38;5;0m[HTTP][0m [37m<-- POST /wd/hub/session [39m[32m200[39m [90m7408 ms - 1115[39m
[38;5;0m[HTTP][0m [90m[39m
[38;5;0m[HTTP][0m [37m-->[39m [37mGET[39m [37m/wd/hub/session/eff2cec3-714e-489f-8678-8d78c4b5cb28[39m
[38;5;0m[HTTP][0m [90m{}[39m
[38;5;0m[HTTP][0m [37m<-- GET /wd/hub/session/eff2cec3-714e-489f-8678-8d78c4b5cb28 [39m[32m200[39m [90m54 ms - 331[39m
[38;5;0m[HTTP][0m [90m[39m
[38;5;0m[HTTP][0m [37m-->[39m [37mGET[39m [37m/wd/hub/session/eff2cec3-714e-489f-8678-8d78c4b5cb28[39m
[38;5;0m[HTTP][0m [90m{}[39m
[38;5;0m[HTTP][0m [37m<-- GET /wd/hub/session/eff2cec3-714e-489f-8678-8d78c4b5cb28 [39m[32m200[39m [90m29 ms - 331[39m
[38;5;0m[HTTP][0m [90m[39m
[38;5;0m[HTTP][0m [37m-->[39m [37mGET[39m [37m/wd/hub/status[39m
[38;5;0m[HTTP][0m [90m{}[39m
[38;5;0m[HTTP][0m [37m<-- GET /wd/hub/status [39m[32m200[39m [90m2 ms - 110[39m
[38;5;0m[HTTP][0m [90m[39m
[38;5;0m[HTTP][0m [37m-->[39m [37mPOST[39m [37m/wd/hub/session/eff2cec3-714e-489f-8678-8d78c4b5cb28/timeouts[39m
[38;5;0m[HTTP][0m [90m{"implicit":60000}[39m
[38;5;0m[HTTP][0m [37m<-- POST /wd/hub/session/eff2cec3-714e-489f-8678-8d78c4b5cb28/timeouts [39m[32m200[39m [90m4 ms - 14[39m
[38;5;0m[HTTP][0m [90m[39m
[38;5;0m[HTTP][0m [37m-->[39m [37mGET[39m [37m/wd/hub/session/eff2cec3-714e-489f-8678-8d78c4b5cb28/appium/device/system_bars[39m
[38;5;0m[HTTP][0m [90m{}[39m
[38;5;0m[HTTP][0m [37m<-- GET /wd/hub/session/eff2cec3-714e-489f-8678-8d78c4b5cb28/appium/device/system_bars [39m[32m200[39m [90m225 ms - 148[39m
[38;5;0m[HTTP][0m [90m[39m
[38;5;0m[HTTP][0m [37m-->[39m [37mPOST[39m [37m/wd/hub/session/eff2cec3-714e-489f-8678-8d78c4b5cb28/appium/device/activate_app[39m
[38;5;0m[HTTP][0m [90m{"bundleId":"com.atomczak.notepat"}[39m
[38;5;0m[HTTP][0m [37m<-- POST /wd/hub/session/eff2cec3-714e-489f-8678-8d78c4b5cb28/appium/device/activate_app [39m[32m200[39m [90m241 ms - 14[39m
[38;5;0m[HTTP][0m [90m[39m
[38;5;0m[HTTP][0m [37m-->[39m [37mGET[39m [37m/wd/hub/session/eff2cec3-714e-489f-8678-8d78c4b5cb28/source[39m
[38;5;0m[HTTP][0m [90m{}[39m
[38;5;48m[AndroidUiautomator2Driver@b4ea (eff2cec3)][0m Driver proxy active, passing request on via HTTP proxy
[38;5;48m[AndroidUiautomator2Driver@b4ea (eff2cec3)][0m Replacing sessionId 17c17b69-334f-4fe5-ab6a-ce383454f611 with eff2cec3-714e-489f-8678-8d78c4b5cb28
[38;5;0m[HTTP][0m [37m<-- GET /wd/hub/session/eff2cec3-714e-489f-8678-8d78c4b5cb28/source [39m[32m200[39m [90m1195 ms - 13196[39m
[38;5;0m[HTTP][0m [90m[39m
[38;5;0m[HTTP][0m [37m-->[39m [37mGET[39m [37m/wd/hub/session/eff2cec3-714e-489f-8678-8d78c4b5cb28/screenshot[39m
[38;5;0m[HTTP][0m [90m{}[39m
[38;5;0m[HTTP][0m [37m<-- GET /wd/hub/session/eff2cec3-714e-489f-8678-8d78c4b5cb28/screenshot [39m[32m200[39m [90m345 ms - 148524[39m
[38;5;0m[HTTP][0m [90m[39m
[38;5;0m[HTTP][0m [37m-->[39m [37mPOST[39m [37m/wd/hub/session/eff2cec3-714e-489f-8678-8d78c4b5cb28/elements[39m
[38;5;0m[HTTP][0m [90m{"using":"xpath","value":"//*[@class = 'android.widget.ImageButton' and @resource-id = 'com.atomczak.notepat:id/new_note_fab' and (@text = '' or . = '')]"}[39m
[38;5;0m[HTTP][0m [37m<-- POST /wd/hub/session/eff2cec3-714e-489f-8678-8d78c4b5cb28/elements [39m[32m200[39m [90m611 ms - 139[39m
[38;5;0m[HTTP][0m [[38;5;48m[AndroidUiautomator2Driver@235a (7df23876)][0m Shutting down because we waited 1800 seconds for a command
[38;5;16m[AppiumDriver@75df][0m Ending session, cause was 'New Command Timeout of 1800 seconds expired. Try customizing the timeout using the 'newCommandTimeout' desired capability'
[38;5;16m[AppiumDriver@75df][0m Removing session '7df23876-190d-4e50-b428-bbc260459b24' from our master session list
[38;5;48m[AndroidUiautomator2Driver@235a (7df23876)][0m Did not get confirmation UiAutomator2 deleteSession worked; Error was: UnknownError: An unknown server-side error occurred while processing the command. Original error: 'DELETE /' cannot be proxied to UiAutomator2 server because the instrumentation process is not running (probably crashed). Check the server log and/or the logcat output for more details
[38;5;48m[AndroidUiautomator2Driver@235a (7df23876)][0m Unable to remove system port forward: Error executing adbExec. Original error: 'Command 'C:\\Users\\Rendy\\.katalon\\tools\\android_sdk\\platform-tools\\adb.exe -P 5037 -s emulator-5554 forward --remove tcp\:8243' exited with code 1'; Command output: adb.exe: error: listener 'tcp:8243' not found
[38;5;48m[AndroidUiautomator2Driver@235a (7df23876)][0m 
[38;5;48m[AndroidUiautomator2Driver@235a (7df23876)][0m Restoring hidden api policy to the device default configuration
lement/00000000-0000-008a-ffff-ffff00000046/location [39m[32m200[39m [90m20 ms - 79[39m
[38;5;0m[HTTP][0m [90m[39m
[38;5;0m[HTTP][0m [37m-->[39m [37mPOST[39m [37m/wd/hub/session/eff2cec3-714e-489f-8678-8d78c4b5cb28/element/00000000-0000-008a-ffff-ffff00000046/click[39m
[38;5;0m[HTTP][0m [90m{"id":"00000000-0000-008a-ffff-ffff00000046"}[39m
[38;5;0m[HTTP][0m [37m<-- POST /wd/hub/session/eff2cec3-714e-489f-8678-8d78c4b5cb28/element/00000000-0000-008a-ffff-ffff00000046/click [39m[32m200[39m [90m53 ms - 14[39m
[38;5;0m[HTTP][0m [90m[39m
[38;5;0m[HTTP][0m [37m-->[39m [37mGET[39m [37m/wd/hub/session/eff2cec3-714e-489f-8678-8d78c4b5cb28/source[39m
[38;5;0m[HTTP][0m [90m{}[39m
[38;5;48m[AndroidUiautomator2Driver@b4ea (eff2cec3)][0m Driver proxy active, passing request on via HTTP proxy
[38;5;48m[AndroidUiautomator2Driver@b4ea (eff2cec3)][0m Replacing sessionId 17c17b69-334f-4fe5-ab6a-ce383454f611 with eff2cec3-714e-489f-8678-8d78c4b5cb28
[38;5;0m[HTTP][0m [37m<-- GET /wd/hub/session/eff2cec3-714e-489f-8678-8d78c4b5cb28/source [39m[32m200[39m [90m1037 ms - 7845[39m
[38;5;0m[HTTP][0m [90m[39m
[38;5;0m[HTTP][0m [37m-->[39m [37mGET[39m [37m/wd/hub/session/eff2cec3-714e-489f-8678-8d78c4b5cb28/screenshot[39m
[38;5;0m[HTTP][0m [90m{}[39m
[38;5;0m[HTTP][0m [37m<-- GET /wd/hub/session/eff2cec3-714e-489f-8678-8d78c4b5cb28/screenshot [39m[32m200[39m [90m411 ms - 405052[39m
[38;5;0m[HTTP][0m [90m[39m
[38;5;0m[HTTP][0m [37m-->[39m [37mPOST[39m [37m/wd/hub/session/eff2cec3-714e-489f-8678-8d78c4b5cb28/elements[39m
[38;5;0m[HTTP][0m [90m{"using":"xpath","value":"//*[@class = 'android.widget.EditText' and (@text = 'Enter title…' or . = 'Enter title…') and @resource-id = 'com.atomczak.notepat:id/textNoteTitleEdit']"}[39m
[38;5;0m[HTTP][0m [37m<-- POST /wd/hub/session/eff2cec3-714e-489f-8678-8d78c4b5cb28/elements [39m[32m200[39m [90m106 ms - 139[39m
[38;5;0m[HTTP][0m [90m[39m
[38;5;0m[HTTP][0m [37m-->[39m [37mGET[39m [37m/wd/hub/session/eff2cec3-714e-489f-8678-8d78c4b5cb28/window/rect[39m
[38;5;0m[HTTP][0m [90m{}[39m
[38;5;0m[HTTP][0m [37m<-- GET /wd/hub/session/eff2cec3-714e-489f-8678-8d78c4b5cb28/window/rect [39m[32m200[39m [90m11 ms - 49[39m
[38;5;0m[HTTP][0m [90m[39m
[38;5;0m[HTTP][0m [37m-->[39m [37mPOST[39m [37m/wd/hub/session/eff2cec3-714e-489f-8678-8d78c4b5cb28/elements[39m
[38;5;0m[HTTP][0m [90m{"using":"xpath","value":"//*[@class = 'android.widget.EditText' and (@text = 'Enter title…' or . = 'Enter title…') and @resource-id = 'com.atomczak.notepat:id/textNoteTitleEdit']"}[39m
[38;5;0m[HTTP][0m [37m<-- POST /wd/hub/session/eff2cec3-714e-489f-8678-8d78c4b5cb28/elements [39m[32m200[39m [90m61 ms - 139[39m
[38;5;0m[HTTP][0m [90m[39m
[38;5;0m[HTTP][0m [37m-->[39m [37mGET[39m [37m/wd/hub/session/eff2cec3-714e-489f-8678-8d78c4b5cb28/element/00000000-0000-008b-ffff-ffff00000066/location[39m
[38;5;0m[HTTP][0m [90m{}[39m
[38;5;48m[AndroidUiautomator2Driver@b4ea (eff2cec3)][0m Driver proxy active, passing request on via HTTP proxy
[38;5;48m[AndroidUiautomator2Driver@b4ea (eff2cec3)][0m Replacing sessionId 17c17b69-334f-4fe5-ab6a-ce383454f611 with eff2cec3-714e-489f-8678-8d78c4b5cb28
[38;5;0m[HTTP][0m [37m<-- GET /wd/hub/session/eff2cec3-714e-489f-8678-8d78c4b5cb28/element/00000000-0000-008b-ffff-ffff00000066/location [39m[32m200[39m [90m17 ms - 76[39m
[38;5;0m[HTTP][0m [90m[39m
[38;5;0m[HTTP][0m [37m-->[39m [37mPOST[39m [37m/wd/hub/session/eff2cec3-714e-489f-8678-8d78c4b5cb28/element/00000000-0000-008b-ffff-ffff00000066/click[39m
[38;5;0m[HTTP][0m [90m{"id":"00000000-0000-008b-ffff-ffff00000066"}[39m
[38;5;0m[HTTP][0m [37m<-- POST /wd/hub/session/eff2cec3-714e-489f-8678-8d78c4b5cb28/element/00000000-0000-008b-ffff-ffff00000066/click [39m[32m200[39m [90m45 ms - 14[39m
[38;5;0m[HTTP][0m [90m[39m
[38;5;0m[HTTP][0m [37m-->[39m [37mGET[39m [37m/wd/hub/session/eff2cec3-714e-489f-8678-8d78c4b5cb28/source[39m
[38;5;0m[HTTP][0m [90m{}[39m
[38;5;48m[AndroidUiautomator2Driver@b4ea (eff2cec3)][0m Driver proxy active, passing request on via HTTP proxy
[38;5;48m[AndroidUiautomator2Driver@b4ea (eff2cec3)][0m Replacing sessionId 17c17b69-334f-4fe5-ab6a-ce383454f611 with eff2cec3-714e-489f-8678-8d78c4b5cb28
[38;5;0m[HTTP][0m [37m<-- GET /wd/hub/session/eff2cec3-714e-489f-8678-8d78c4b5cb28/source [39m[32m200[39m [90m46 ms - 7845[39m
[38;5;0m[HTTP][0m [90m[39m
[38;5;0m[HTTP][0m [37m-->[39m [37mGET[39m [37m/wd/hub/session/eff2cec3-714e-489f-8678-8d78c4b5cb28/screenshot[39m
[38;5;0m[HTTP][0m [90m{}[39m
[38;5;0m[HTTP][0m [37m<-- GET /wd/hub/session/eff2cec3-714e-489f-8678-8d78c4b5cb28/screenshot [39m[32m200[39m [90m293 ms - 405040[39m
[38;5;0m[HTTP][0m [90m[39m
[38;5;0m[HTTP][0m [37m-->[39m [37mGET[39m [37m/wd/hub/session/eff2cec3-714e-489f-8678-8d78c4b5cb28/window/rect[39m
[38;5;0m[HTTP][0m [90m{}[39m
[38;5;0m[HTTP][0m [37m<-- GET /wd/hub/session/eff2cec3-714e-489f-8678-8d78c4b5cb28/window/rect [39m[32m200[39m [90m11 ms - 49[39m
[38;5;0m[HTTP][0m [90m[39m
[38;5;0m[HTTP][0m [37m-->[39m [37mPOST[39m [37m/wd/hub/session/eff2cec3-714e-489f-8678-8d78c4b5cb28/elements[39m
[38;5;0m[HTTP][0m [90m{"using":"xpath","value":"//*[@class = 'android.widget.EditText' and (@text = 'Enter title…' or . = 'Enter title…') and @resource-id = 'com.atomczak.notepat:id/textNoteTitleEdit']"}[39m
[38;5;0m[HTTP][0m [37m<-- POST /wd/hub/session/eff2cec3-714e-489f-8678-8d78c4b5cb28/elements [39m[32m200[39m [90m52 ms - 139[39m
[38;5;0m[HTTP][0m [90m[39m
[38;5;0m[HTTP][0m [37m-->[39m [37mGET[39m [37m/wd/hub/session/eff2cec3-714e-489f-8678-8d78c4b5cb28/element/00000000-0000-008b-ffff-ffff00000066/location[39m
[38;5;0m[HTTP][0m [90m{}[39m
[38;5;48m[AndroidUiautomator2Driver@b4ea (eff2cec3)][0m Driver proxy active, passing request on via HTTP proxy
[38;5;48m[AndroidUiautomator2Driver@b4ea (eff2cec3)][0m Replacing sessionId 17c17b69-334f-4fe5-ab6a-ce383454f611 with eff2cec3-714e-489f-8678-8d78c4b5cb28
[38;5;0m[HTTP][0m [37m<-- GET /wd/hub/session/eff2cec3-714e-489f-8678-8d78c4b5cb28/element/00000000-0000-008b-ffff-ffff00000066/location [39m[32m200[39m [90m15 ms - 76[39m
[38;5;0m[HTTP][0m [90m[39m
[38;5;0m[HTTP][0m [37m-->[39m [37mPOST[39m [37m/wd/hub/session/eff2cec3-714e-489f-8678-8d78c4b5cb28/element/00000000-0000-008b-ffff-ffff00000066/clear[39m
[38;5;0m[HTTP][0m [90m{"id":"00000000-0000-008b-ffff-ffff00000066"}[39m
[38;5;0m[HTTP][0m [37m<-- POST /wd/hub/session/eff2cec3-714e-489f-8678-8d78c4b5cb28/element/00000000-0000-008b-ffff-ffff00000066/clear [39m[32m200[39m [90m46 ms - 14[39m
[38;5;0m[HTTP][0m [90m[39m
[38;5;0m[HTTP][0m [37m-->[39m [37mPOST[39m [37m/wd/hub/session/eff2cec3-714e-489f-8678-8d78c4b5cb28/element/00000000-0000-008b-ffff-ffff00000066/click[39m
[38;5;0m[HTTP][0m [90m{"id":"00000000-0000-008b-ffff-ffff00000066"}[39m
[38;5;0m[HTTP][0m [37m<-- POST /wd/hub/session/eff2cec3-714e-489f-8678-8d78c4b5cb28/element/00000000-0000-008b-ffff-ffff00000066/click [39m[32m200[39m [90m604 ms - 14[39m
[38;5;0m[HTTP][0m [90m[39m
[38;5;0m[HTTP][0m [37m-->[39m [37mPOST[39m [37m/wd/hub/session/eff2cec3-714e-489f-8678-8d78c4b5cb28/element/00000000-0000-008b-ffff-ffff00000066/value[39m
[38;5;0m[HTTP][0m [90m{"id":"00000000-0000-008b-ffff-ffff00000066","text":"TEST","value":["T","E","S","T"]}[39m
[38;5;0m[HTTP][0m [37m<-- POST /wd/hub/session/eff2cec3-714e-489f-8678-8d78c4b5cb28/element/00000000-0000-008b-ffff-ffff00000066/value [39m[32m200[39m [90m1134 ms - 14[39m
[38;5;0m[HTTP][0m [90m[39m
[38;5;0m[HTTP][0m [37m-->[39m [37mGET[39m [37m/wd/hub/session/eff2cec3-714e-489f-8678-8d78c4b5cb28/source[39m
[38;5;0m[HTTP][0m [90m{}[39m
[38;5;48m[AndroidUiautomator2Driver@b4ea (eff2cec3)][0m Driver proxy active, passing request on via HTTP proxy
[38;5;48m[AndroidUiautomator2Driver@b4ea (eff2cec3)][0m Replacing sessionId 17c17b69-334f-4fe5-ab6a-ce383454f611 with eff2cec3-714e-489f-8678-8d78c4b5cb28
[38;5;0m[HTTP][0m [37m<-- GET /wd/hub/session/eff2cec3-714e-489f-8678-8d78c4b5cb28/source [39m[32m200[39m [90m45 ms - 7835[39m
[38;5;0m[HTTP][0m [90m[39m
[38;5;0m[HTTP][0m [37m-->[39m [37mGET[39m [37m/wd/hub/session/eff2cec3-714e-489f-8678-8d78c4b5cb28/screenshot[39m
[38;5;0m[HTTP][0m [90m{}[39m
[38;5;0m[HTTP][0m [37m<-- GET /wd/hub/session/eff2cec3-714e-489f-8678-8d78c4b5cb28/screenshot [39m[32m200[39m [90m300 ms - 399164[39m
[38;5;0m[HTTP][0m [90m[39m
[38;5;0m[HTTP][0m [37m-->[39m [37mPOST[39m [37m/wd/hub/session/eff2cec3-714e-489f-8678-8d78c4b5cb28/elements[39m
[38;5;0m[HTTP][0m [90m{"using":"xpath","value":"//*[@class = 'android.widget.EditText' and (@text = 'Enter text…' or . = 'Enter text…') and @resource-id = 'com.atomczak.notepat:id/textNoteContentEdit']"}[39m
[38;5;0m[HTTP][0m [37m<-- POST /wd/hub/session/eff2cec3-714e-489f-8678-8d78c4b5cb28/elements [39m[32m200[39m [90m58 ms - 139[39m
[38;5;0m[HTTP][0m [90m[39m
[38;5;0m[HTTP][0m [37m-->[39m [37mGET[39m [37m/wd/hub/session/eff2cec3-714e-489f-8678-8d78c4b5cb28/window/rect[39m
[38;5;0m[HTTP][0m [90m{}[39m
[38;5;0m[HTTP][0m [37m<-- GET /wd/hub/session/eff2cec3-714e-489f-8678-8d78c4b5cb28/window/rect [39m[32m200[39m [90m9 ms - 49[39m
[38;5;0m[HTTP][0m [90m[39m
[38;5;0m[HTTP][0m [37m-->[39m [37mPOST[39m [37m/wd/hub/session/eff2cec3-714e-489f-8678-8d78c4b5cb28/elements[39m
[38;5;0m[HTTP][0m [90m{"using":"xpath","value":"//*[@class = 'android.widget.EditText' and (@text = 'Enter text…' or . = 'Enter text…') and @resource-id = 'com.atomczak.notepat:id/textNoteContentEdit']"}[39m
[38;5;0m[HTTP][0m [37m<-- POST /wd/hub/session/eff2cec3-714e-489f-8678-8d78c4b5cb28/elements [39m[32m200[39m [90m57 ms - 139[39m
[38;5;0m[HTTP][0m [90m[39m
[38;5;0m[HTTP][0m [37m-->[39m [37mGET[39m [37m/wd/hub/session/eff2cec3-714e-489f-8678-8d78c4b5cb28/element/00000000-0000-008b-ffff-ffff00000077/location[39m
[38;5;0m[HTTP][0m [90m{}[39m
[38;5;48m[AndroidUiautomator2Driver@b4ea (eff2cec3)][0m Driver proxy active, passing request on via HTTP proxy
[38;5;48m[AndroidUiautomator2Driver@b4ea (eff2cec3)][0m Replacing sessionId 17c17b69-334f-4fe5-ab6a-ce383454f611 with eff2cec3-714e-489f-8678-8d78c4b5cb28
[38;5;0m[HTTP][0m [37m<-- GET /wd/hub/session/eff2cec3-714e-489f-8678-8d78c4b5cb28/element/00000000-0000-008b-ffff-ffff00000077/location [39m[32m200[39m [90m15 ms - 76[39m
[38;5;0m[HTTP][0m [90m[39m
[38;5;0m[HTTP][0m [37m-->[39m [37mPOST[39m [37m/wd/hub/session/eff2cec3-714e-489f-8678-8d78c4b5cb28/element/00000000-0000-008b-ffff-ffff00000077/click[39m
[38;5;0m[HTTP][0m [90m{"id":"00000000-0000-008b-ffff-ffff00000077"}[39m
[38;5;0m[HTTP][0m [37m<-- POST /wd/hub/session/eff2cec3-714e-489f-8678-8d78c4b5cb28/element/00000000-0000-008b-ffff-ffff00000077/click [39m[32m200[39m [90m34 ms - 14[39m
[38;5;0m[HTTP][0m [90m[39m
[38;5;0m[HTTP][0m [37m-->[39m [37mGET[39m [37m/wd/hub/session/eff2cec3-714e-489f-8678-8d78c4b5cb28/source[39m
[38;5;0m[HTTP][0m [90m{}[39m
[38;5;48m[AndroidUiautomator2Driver@b4ea (eff2cec3)][0m Driver proxy active, passing request on via HTTP proxy
[38;5;48m[AndroidUiautomator2Driver@b4ea (eff2cec3)][0m Replacing sessionId 17c17b69-334f-4fe5-ab6a-ce383454f611 with eff2cec3-714e-489f-8678-8d78c4b5cb28
[38;5;0m[HTTP][0m [37m<-- GET /wd/hub/session/eff2cec3-714e-489f-8678-8d78c4b5cb28/source [39m[32m200[39m [90m60 ms - 7835[39m
[38;5;0m[HTTP][0m [90m[39m
[38;5;0m[HTTP][0m [37m-->[39m [37mGET[39m [37m/wd/hub/session/eff2cec3-714e-489f-8678-8d78c4b5cb28/screenshot[39m
[38;5;0m[HTTP][0m [90m{}[39m
[38;5;0m[HTTP][0m [37m<-- GET /wd/hub/session/eff2cec3-714e-489f-8678-8d78c4b5cb28/screenshot [39m[32m200[39m [90m281 ms - 403856[39m
[38;5;0m[HTTP][0m [90m[39m
[38;5;0m[HTTP][0m [37m-->[39m [37mGET[39m [37m/wd/hub/session/eff2cec3-714e-489f-8678-8d78c4b5cb28/window/rect[39m
[38;5;0m[HTTP][0m [90m{}[39m
[38;5;0m[HTTP][0m [37m<-- GET /wd/hub/session/eff2cec3-714e-489f-8678-8d78c4b5cb28/window/rect [39m[32m200[39m [90m10 ms - 49[39m
[38;5;0m[HTTP][0m [90m[39m
[38;5;0m[HTTP][0m [37m-->[39m [37mPOST[39m [37m/wd/hub/session/eff2cec3-714e-489f-8678-8d78c4b5cb28/elements[39m
[38;5;0m[HTTP][0m [90m{"using":"xpath","value":"//*[@class = 'android.widget.EditText' and (@text = 'Enter text…' or . = 'Enter text…') and @resource-id = 'com.atomczak.notepat:id/textNoteContentEdit']"}[39m
[38;5;0m[HTTP][0m [37m<-- POST /wd/hub/session/eff2cec3-714e-489f-8678-8d78c4b5cb28/elements [39m[32m200[39m [90m58 ms - 139[39m
[38;5;0m[HTTP][0m [90m[39m
[38;5;0m[HTTP][0m [37m-->[39m [37mGET[39m [37m/wd/hub/session/eff2cec3-714e-489f-8678-8d78c4b5cb28/element/00000000-0000-008b-ffff-ffff00000077/location[39m
[38;5;0m[HTTP][0m [90m{}[39m
[38;5;48m[AndroidUiautomator2Driver@b4ea (eff2cec3)][0m Driver proxy active, passing request on via HTTP proxy
[38;5;48m[AndroidUiautomator2Driver@b4ea (eff2cec3)][0m Replacing sessionId 17c17b69-334f-4fe5-ab6a-ce383454f611 with eff2cec3-714e-489f-8678-8d78c4b5cb28
[38;5;0m[HTTP][0m [37m<-- GET /wd/hub/session/eff2cec3-714e-489f-8678-8d78c4b5cb28/element/00000000-0000-008b-ffff-ffff00000077/location [39m[32m200[39m [90m16 ms - 76[39m
[38;5;0m[HTTP][0m [90m[39m
[38;5;0m[HTTP][0m [37m-->[39m [37mPOST[39m [37m/wd/hub/session/eff2cec3-714e-489f-8678-8d78c4b5cb28/element/00000000-0000-008b-ffff-ffff00000077/clear[39m
[38;5;0m[HTTP][0m [90m{"id":"00000000-0000-008b-ffff-ffff00000077"}[39m
[38;5;0m[HTTP][0m [37m<-- POST /wd/hub/session/eff2cec3-714e-489f-8678-8d78c4b5cb28/element/00000000-0000-008b-ffff-ffff00000077/clear [39m[32m200[39m [90m26 ms - 14[39m
[38;5;0m[HTTP][0m [90m[39m
[38;5;0m[HTTP][0m [37m-->[39m [37mPOST[39m [37m/wd/hub/session/eff2cec3-714e-489f-8678-8d78c4b5cb28/element/00000000-0000-008b-ffff-ffff00000077/click[39m
[38;5;0m[HTTP][0m [90m{"id":"00000000-0000-008b-ffff-ffff00000077"}[39m
[38;5;0m[HTTP][0m [37m<-- POST /wd/hub/session/eff2cec3-714e-489f-8678-8d78c4b5cb28/element/00000000-0000-008b-ffff-ffff00000077/click [39m[32m200[39m [90m620 ms - 14[39m
[38;5;0m[HTTP][0m [90m[39m
[38;5;0m[HTTP][0m [37m-->[39m [37mPOST[39m [37m/wd/hub/session/eff2cec3-714e-489f-8678-8d78c4b5cb28/element/00000000-0000-008b-ffff-ffff00000077/value[39m
[38;5;0m[HTTP][0m [90m{"id":"00000000-0000-008b-ffff-ffff00000077","text":"Lorem ipsum dolor sit amet, consectetur adipiscing elit, sed do eiusmod tempor incididunt ut labore et dolore magna aliqua.","value":["L","o","r","e","m"," ","i","p","s","u","m"," ","d","o","l","o","r"," ","s","i","t"," ","a","m","e","t",","," ","c","o","n","s","e","c","t","e","t","u","r"," ","a","d","i","p","i","s","c","i","n","g"," ","e","l","i","t",","," ","s","e","d"," ","d","o"," ","e","i","u","s","m","o","d"," ","t","e","m","p","o","r"," ","i","n","c","i","d","i","d","u","n","t"," ","u","t"," ","l","a","b","o","r","e"," ","e","t"," ","d","o","l","o","r","e"," ","m","a","g","n","a"," ","a","l","i","q","u","a","."]}[39m
[38;5;0m[HTTP][0m [37m<-- POST /wd/hub/session/eff2cec3-714e-489f-8678-8d78c4b5cb28/element/00000000-0000-008b-ffff-ffff00000077/value [39m[32m200[39m [90m549 ms - 14[39m
[38;5;0m[HTTP][0m [90m[39m
[38;5;0m[HTTP][0m [37m-->[39m [37mGET[39m [37m/wd/hub/session/eff2cec3-714e-489f-8678-8d78c4b5cb28/source[39m
[38;5;0m[HTTP][0m [90m{}[39m
[38;5;48m[AndroidUiautomator2Driver@b4ea (eff2cec3)][0m Driver proxy active, passing request on via HTTP proxy
[38;5;48m[AndroidUiautomator2Driver@b4ea (eff2cec3)][0m Replacing sessionId 17c17b69-334f-4fe5-ab6a-ce383454f611 with eff2cec3-714e-489f-8678-8d78c4b5cb28
[38;5;0m[HTTP][0m [37m<-- GET /wd/hub/session/eff2cec3-714e-489f-8678-8d78c4b5cb28/source [39m[32m200[39m [90m44 ms - 7944[39m
[38;5;0m[HTTP][0m [90m[39m
[38;5;0m[HTTP][0m [37m-->[39m [37mGET[39m [37m/wd/hub/session/eff2cec3-714e-489f-8678-8d78c4b5cb28/screenshot[39m
[38;5;0m[HTTP][0m [90m{}[39m
[38;5;0m[HTTP][0m [37m<-- GET /wd/hub/session/eff2cec3-714e-489f-8678-8d78c4b5cb28/screenshot [39m[32m200[39m [90m276 ms - 437032[39m
[38;5;0m[HTTP][0m [90m[39m
[38;5;0m[HTTP][0m [37m-->[39m [37mGET[39m [37m/wd/hub/session/eff2cec3-714e-489f-8678-8d78c4b5cb28/context[39m
[38;5;0m[HTTP][0m [90m{}[39m
[38;5;0m[HTTP][0m [37m<-- GET /wd/hub/session/eff2cec3-714e-489f-8678-8d78c4b5cb28/context [39m[32m200[39m [90m2 ms - 22[39m
[38;5;0m[HTTP][0m [90m[39m
[38;5;0m[HTTP][0m [37m-->[39m [37mGET[39m [37m/wd/hub/session/eff2cec3-714e-489f-8678-8d78c4b5cb28/contexts[39m
[38;5;0m[HTTP][0m [90m{}[39m
[38;5;0m[HTTP][0m [37m<-- GET /wd/hub/session/eff2cec3-714e-489f-8678-8d78c4b5cb28/contexts [39m[32m200[39m [90m258 ms - 24[39m
[38;5;0m[HTTP][0m [90m[39m
[38;5;0m[HTTP][0m [37m-->[39m [37mPOST[39m [37m/wd/hub/session/eff2cec3-714e-489f-8678-8d78c4b5cb28/context[39m
[38;5;0m[HTTP][0m [90m{"name":"NATIVE_APP"}[39m
[38;5;0m[HTTP][0m [37m<-- POST /wd/hub/session/eff2cec3-714e-489f-8678-8d78c4b5cb28/context [39m[32m200[39m [90m1 ms - 14[39m
[38;5;0m[HTTP][0m [90m[39m
[38;5;0m[HTTP][0m [37m-->[39m [37mPOST[39m [37m/wd/hub/session/eff2cec3-714e-489f-8678-8d78c4b5cb28/appium/device/hide_keyboard[39m
[38;5;0m[HTTP][0m [90m{}[39m
[38;5;0m[HTTP][0m [37m<-- POST /wd/hub/session/eff2cec3-714e-489f-8678-8d78c4b5cb28/appium/device/hide_keyboard [39m[32m200[39m [90m646 ms - 14[39m
[38;5;0m[HTTP][0m [90m[39m
[38;5;0m[HTTP][0m [37m-->[39m [37mPOST[39m [37m/wd/hub/session/eff2cec3-714e-489f-8678-8d78c4b5cb28/context[39m
[38;5;0m[HTTP][0m [90m{"name":"NATIVE_APP"}[39m
[38;5;0m[HTTP][0m [37m<-- POST /wd/hub/session/eff2cec3-714e-489f-8678-8d78c4b5cb28/context [39m[32m200[39m [90m1 ms - 14[39m
[38;5;0m[HTTP][0m [90m[39m
[38;5;0m[HTTP][0m [37m-->[39m [37mGET[39m [37m/wd/hub/session/eff2cec3-714e-489f-8678-8d78c4b5cb28/source[39m
[38;5;0m[HTTP][0m [90m{}[39m
[38;5;48m[AndroidUiautomator2Driver@b4ea (eff2cec3)][0m Driver proxy active, passing request on via HTTP proxy
[38;5;48m[AndroidUiautomator2Driver@b4ea (eff2cec3)][0m Replacing sessionId 17c17b69-334f-4fe5-ab6a-ce383454f611 with eff2cec3-714e-489f-8678-8d78c4b5cb28
[38;5;0m[HTTP][0m [37m<-- GET /wd/hub/session/eff2cec3-714e-489f-8678-8d78c4b5cb28/source [39m[32m200[39m [90m43 ms - 7951[39m
[38;5;0m[HTTP][0m [90m[39m
[38;5;0m[HTTP][0m [37m-->[39m [37mGET[39m [37m/wd/hub/session/eff2cec3-714e-489f-8678-8d78c4b5cb28/screenshot[39m
[38;5;0m[HTTP][0m [90m{}[39m
[38;5;0m[HTTP][0m [37m<-- GET /wd/hub/session/eff2cec3-714e-489f-8678-8d78c4b5cb28/screenshot [39m[32m200[39m [90m398 ms - 684096[39m
[38;5;0m[HTTP][0m [90m[39m
[38;5;0m[HTTP][0m [37m-->[39m [37mPOST[39m [37m/wd/hub/session/eff2cec3-714e-489f-8678-8d78c4b5cb28/elements[39m
[38;5;0m[HTTP][0m [90m{"using":"xpath","value":"//*[@class = 'android.widget.TextView' and (@text = 'SAVE' or . = 'SAVE') and @resource-id = 'com.atomczak.notepat:id/action_save_note']"}[39m
[38;5;0m[HTTP][0m [37m<-- POST /wd/hub/session/eff2cec3-714e-489f-8678-8d78c4b5cb28/elements [39m[32m200[39m [90m54 ms - 139[39m
[38;5;0m[HTTP][0m [90m[39m
[38;5;0m[HTTP][0m [37m-->[39m [37mGET[39m [37m/wd/hub/session/eff2cec3-714e-489f-8678-8d78c4b5cb28/window/rect[39m
[38;5;0m[HTTP][0m [90m{}[39m
[38;5;0m[HTTP][0m [37m<-- GET /wd/hub/session/eff2cec3-714e-489f-8678-8d78c4b5cb28/window/rect [39m[32m200[39m [90m10 ms - 49[39m
[38;5;0m[HTTP][0m [90m[39m
[38;5;0m[HTTP][0m [37m-->[39m [37mPOST[39m [37m/wd/hub/session/eff2cec3-714e-489f-8678-8d78c4b5cb28/elements[39m
[38;5;0m[HTTP][0m [90m{"using":"xpath","value":"//*[@class = 'android.widget.TextView' and (@text = 'SAVE' or . = 'SAVE') and @resource-id = 'com.atomczak.notepat:id/action_save_note']"}[39m
[38;5;0m[HTTP][0m [37m<-- POST /wd/hub/session/eff2cec3-714e-489f-8678-8d78c4b5cb28/elements [39m[32m200[39m [90m53 ms - 139[39m
[38;5;0m[HTTP][0m [90m[39m
[38;5;0m[HTTP][0m [37m-->[39m [37mGET[39m [37m/wd/hub/session/eff2cec3-714e-489f-8678-8d78c4b5cb28/element/00000000-0000-008b-ffff-ffff00000074/location[39m
[38;5;0m[HTTP][0m [90m{}[39m
[38;5;48m[AndroidUiautomator2Driver@b4ea (eff2cec3)][0m Driver proxy active, passing request on via HTTP proxy
[38;5;48m[AndroidUiautomator2Driver@b4ea (eff2cec3)][0m Replacing sessionId 17c17b69-334f-4fe5-ab6a-ce383454f611 with eff2cec3-714e-489f-8678-8d78c4b5cb28
[38;5;0m[HTTP][0m [37m<-- GET /wd/hub/session/eff2cec3-714e-489f-8678-8d78c4b5cb28/element/00000000-0000-008b-ffff-ffff00000074/location [39m[32m200[39m [90m15 ms - 77[39m
[38;5;0m[HTTP][0m [90m[39m
[38;5;0m[HTTP][0m [37m-->[39m [37mPOST[39m [37m/wd/hub/session/eff2cec3-714e-489f-8678-8d78c4b5cb28/element/00000000-0000-008b-ffff-ffff00000074/click[39m
[38;5;0m[HTTP][0m [90m{"id":"00000000-0000-008b-ffff-ffff00000074"}[39m
[38;5;0m[HTTP][0m [37m<-- POST /wd/hub/session/eff2cec3-714e-489f-8678-8d78c4b5cb28/element/00000000-0000-008b-ffff-ffff00000074/click [39m[32m200[39m [90m36 ms - 14[39m
[38;5;0m[HTTP][0m [90m[39m
[38;5;0m[HTTP][0m [37m-->[39m [37mGET[39m [37m/wd/hub/session/eff2cec3-714e-489f-8678-8d78c4b5cb28/source[39m
[38;5;0m[HTTP][0m [90m{}[39m
[38;5;48m[AndroidUiautomator2Driver@b4ea (eff2cec3)][0m Driver proxy active, passing request on via HTTP proxy
[38;5;48m[AndroidUiautomator2Driver@b4ea (eff2cec3)][0m Replacing sessionId 17c17b69-334f-4fe5-ab6a-ce383454f611 with eff2cec3-714e-489f-8678-8d78c4b5cb28
[38;5;0m[HTTP][0m [37m<-- GET /wd/hub/session/eff2cec3-714e-489f-8678-8d78c4b5cb28/source [39m[32m200[39m [90m79 ms - 8091[39m
[38;5;0m[HTTP][0m [90m[39m
[38;5;0m[HTTP][0m [37m-->[39m [37mGET[39m [37m/wd/hub/session/eff2cec3-714e-489f-8678-8d78c4b5cb28/screenshot[39m
[38;5;0m[HTTP][0m [90m{}[39m
[38;5;0m[HTTP][0m [37m<-- GET /wd/hub/session/eff2cec3-714e-489f-8678-8d78c4b5cb28/screenshot [39m[32m200[39m [90m412 ms - 680084[39m
[38;5;0m[HTTP][0m [90m[39m
[38;5;0m[HTTP][0m [37m-->[39m [37mPOST[39m [37m/wd/hub/session/eff2cec3-714e-489f-8678-8d78c4b5cb28/elements[39m
[38;5;0m[HTTP][0m [90m{"using":"xpath","value":"//*[@class = 'android.widget.ImageButton' and (@text = '' or . = '')]"}[39m
[38;5;0m[HTTP][0m [37m<-- POST /wd/hub/session/eff2cec3-714e-489f-8678-8d78c4b5cb28/elements [39m[32m200[39m [90m44 ms - 139[39m
[38;5;0m[HTTP][0m [90m[39m
[38;5;0m[HTTP][0m [37m-->[39m [37mGET[39m [37m/wd/hub/session/eff2cec3-714e-489f-8678-8d78c4b5cb28/window/rect[39m
[38;5;0m[HTTP][0m [90m{}[39m
[38;5;0m[HTTP][0m [37m<-- GET /wd/hub/session/eff2cec3-714e-489f-8678-8d78c4b5cb28/window/rect [39m[32m200[39m [90m10 ms - 49[39m
[38;5;0m[HTTP][0m [90m[39m
[38;5;0m[HTTP][0m [37m-->[39m [37mPOST[39m [37m/wd/hub/session/eff2cec3-714e-489f-8678-8d78c4b5cb28/elements[39m
[38;5;0m[HTTP][0m [90m{"using":"xpath","value":"//*[@class = 'android.widget.ImageButton' and (@text = '' or . = '')]"}[39m
[38;5;0m[HTTP][0m [37m<-- POST /wd/hub/session/eff2cec3-714e-489f-8678-8d78c4b5cb28/elements [39m[32m200[39m [90m45 ms - 139[39m
[38;5;0m[HTTP][0m [90m[39m
[38;5;0m[HTTP][0m [37m-->[39m [37mGET[39m [37m/wd/hub/session/eff2cec3-714e-489f-8678-8d78c4b5cb28/element/00000000-0000-008b-ffff-ffff00000070/location[39m
[38;5;0m[HTTP][0m [90m{}[39m
[38;5;48m[AndroidUiautomator2Driver@b4ea (eff2cec3)][0m Driver proxy active, passing request on via HTTP proxy
[38;5;48m[AndroidUiautomator2Driver@b4ea (eff2cec3)][0m Replacing sessionId 17c17b69-334f-4fe5-ab6a-ce383454f611 with eff2cec3-714e-489f-8678-8d78c4b5cb28
[38;5;0m[HTTP][0m [37m<-- GET /wd/hub/session/eff2cec3-714e-489f-8678-8d78c4b5cb28/element/00000000-0000-008b-ffff-ffff00000070/location [39m[32m200[39m [90m14 ms - 75[39m
[38;5;0m[HTTP][0m [90m[39m
[38;5;0m[HTTP][0m [37m-->[39m [37mPOST[39m [37m/wd/hub/session/eff2cec3-714e-489f-8678-8d78c4b5cb28/element/00000000-0000-008b-ffff-ffff00000070/click[39m
[38;5;0m[HTTP][0m [90m{"id":"00000000-0000-008b-ffff-ffff00000070"}[39m
[38;5;0m[HTTP][0m [37m<-- POST /wd/hub/session/eff2cec3-714e-489f-8678-8d78c4b5cb28/element/00000000-0000-008b-ffff-ffff00000070/click [39m[32m200[39m [90m37 ms - 14[39m
[38;5;0m[HTTP][0m [90m[39m
[38;5;0m[HTTP][0m [37m-->[39m [37mGET[39m [37m/wd/hub/session/eff2cec3-714e-489f-8678-8d78c4b5cb28/source[39m
[38;5;0m[HTTP][0m [90m{}[39m
[38;5;48m[AndroidUiautomator2Driver@b4ea (eff2cec3)][0m Driver proxy active, passing request on via HTTP proxy
[38;5;48m[AndroidUiautomator2Driver@b4ea (eff2cec3)][0m Replacing sessionId 17c17b69-334f-4fe5-ab6a-ce383454f611 with eff2cec3-714e-489f-8678-8d78c4b5cb28
[38;5;0m[HTTP][0m [37m<-- GET /wd/hub/session/eff2cec3-714e-489f-8678-8d78c4b5cb28/source [39m[32m200[39m [90m159 ms - 15048[39m
[38;5;0m[HTTP][0m [90m[39m
[38;5;0m[HTTP][0m [37m-->[39m [37mGET[39m [37m/wd/hub/session/eff2cec3-714e-489f-8678-8d78c4b5cb28/screenshot[39m
[38;5;0m[HTTP][0m [90m{}[39m
[38;5;0m[HTTP][0m [37m<-- GET /wd/hub/session/eff2cec3-714e-489f-8678-8d78c4b5cb28/screenshot [39m[32m200[39m [90m221 ms - 240468[39m
[38;5;0m[HTTP][0m [90m[39m
[38;5;0m[HTTP][0m [37m-->[39m [37mDELETE[39m [37m/wd/hub/session/eff2cec3-714e-489f-8678-8d78c4b5cb28[39m
[38;5;0m[HTTP][0m [90m{}[39m
[38;5;16m[AppiumDriver@c157][0m Removing session eff2cec3-714e-489f-8678-8d78c4b5cb28 from our master session list
[38;5;48m[AndroidUiautomator2Driver@b4ea (eff2cec3)][0m Restoring hidden api policy to the device default configuration
[38;5;0m[HTTP][0m [37m<-- DELETE /wd/hub/session/eff2cec3-714e-489f-8678-8d78c4b5cb28 [39m[32m200[39m [90m241 ms - 14[39m
[38;5;0m[HTTP][0m [90m[39m
